This is pdfTeX, Version 3.14159265-2.6-1.40.20 (TeX Live 2019/Debian) (preloaded format=pdflatex 2022.3.23)  20 APR 2022 09:17
entering extended mode
 restricted \write18 enabled.
 %&-line parsing enabled.
**traffic_report.tex
(./traffic_report.tex
LaTeX2e <2020-02-02> patch level 2
L3 programming layer <2020-02-14>
(/usr/share/texlive/texmf-dist/tex/latex/base/article.cls
Document Class: article 2019/12/20 v1.4l Standard LaTeX document class
(/usr/share/texlive/texmf-dist/tex/latex/base/size12.clo
File: size12.clo 2019/12/20 v1.4l Standard LaTeX file (size option)
)
\c@part=\count167
\c@section=\count168
\c@subsection=\count169
\c@subsubsection=\count170
\c@paragraph=\count171
\c@subparagraph=\count172
\c@figure=\count173
\c@table=\count174
\abovecaptionskip=\skip47
\belowcaptionskip=\skip48
\bibindent=\dimen134
)
(/usr/share/texlive/texmf-dist/tex/latex/graphics/graphicx.sty
Package: graphicx 2019/11/30 v1.2a Enhanced LaTeX Graphics (DPC,SPQR)

(/usr/share/texlive/texmf-dist/tex/latex/graphics/keyval.sty
Package: keyval 2014/10/28 v1.15 key=value parser (DPC)
\KV@toks@=\toks14
)
(/usr/share/texlive/texmf-dist/tex/latex/graphics/graphics.sty
Package: graphics 2019/11/30 v1.4a Standard LaTeX Graphics (DPC,SPQR)

(/usr/share/texlive/texmf-dist/tex/latex/graphics/trig.sty
Package: trig 2016/01/03 v1.10 sin cos tan (DPC)
)
(/usr/share/texlive/texmf-dist/tex/latex/graphics-cfg/graphics.cfg
File: graphics.cfg 2016/06/04 v1.11 sample graphics configuration
)
Package graphics Info: Driver file: pdftex.def on input line 105.

(/usr/share/texlive/texmf-dist/tex/latex/graphics-def/pdftex.def
File: pdftex.def 2018/01/08 v1.0l Graphics/color driver for pdftex
))
\Gin@req@height=\dimen135
\Gin@req@width=\dimen136
)
(/usr/share/texlive/texmf-dist/tex/latex/caption/caption.sty
Package: caption 2020/01/03 v3.4h Customizing captions (AR)

(/usr/share/texlive/texmf-dist/tex/latex/caption/caption3.sty
Package: caption3 2020/01/03 v1.8h caption3 kernel (AR)
Package caption3 Info: TeX engine: e-TeX on input line 61.
\captionmargin=\dimen137
\captionmargin@=\dimen138
\captionwidth=\dimen139
\caption@tempdima=\dimen140
\caption@indent=\dimen141
\caption@parindent=\dimen142
\caption@hangindent=\dimen143
Package caption Info: Standard document class detected.
)
\c@caption@flags=\count175
\c@continuedfloat=\count176
)
(/usr/share/texlive/texmf-dist/tex/latex/subfigure/subfigure.sty
Package: subfigure 2002/03/15 v2.1.5 subfigure package
\subfigtopskip=\skip49
\subfigcapskip=\skip50
\subfigcaptopadj=\dimen144
\subfigbottomskip=\skip51
\subfigcapmargin=\dimen145
\subfiglabelskip=\skip52
\c@subfigure=\count177
\c@lofdepth=\count178
\c@subtable=\count179
\c@lotdepth=\count180

****************************************
* Local config file subfigure.cfg used *
****************************************
(/usr/share/texlive/texmf-dist/tex/latex/subfigure/subfigure.cfg)
\subfig@top=\skip53
\subfig@bottom=\skip54
)
(/usr/share/texlive/texmf-dist/tex/latex/l3backend/l3backend-pdfmode.def
File: l3backend-pdfmode.def 2020-02-03 L3 backend support: PDF mode
\l__kernel_color_stack_int=\count181
\l__pdf_internal_box=\box45
)
(./traffic_report.aux

LaTeX Warning: Label `fig:a' multiply defined.


LaTeX Warning: Label `sub@fig:a' multiply defined.


LaTeX Warning: Label `fig:b' multiply defined.


LaTeX Warning: Label `sub@fig:b' multiply defined.


LaTeX Warning: Label `fig:a' multiply defined.


LaTeX Warning: Label `sub@fig:a' multiply defined.


LaTeX Warning: Label `fig:b' multiply defined.


LaTeX Warning: Label `sub@fig:b' multiply defined.

)
\openout1 = `traffic_report.aux'.

LaTeX Font Info:    Checking defaults for OML/cmm/m/it on input line 11.
LaTeX Font Info:    ... okay on input line 11.
LaTeX Font Info:    Checking defaults for OMS/cmsy/m/n on input line 11.
LaTeX Font Info:    ... okay on input line 11.
LaTeX Font Info:    Checking defaults for OT1/cmr/m/n on input line 11.
LaTeX Font Info:    ... okay on input line 11.
LaTeX Font Info:    Checking defaults for T1/cmr/m/n on input line 11.
LaTeX Font Info:    ... okay on input line 11.
LaTeX Font Info:    Checking defaults for TS1/cmr/m/n on input line 11.
LaTeX Font Info:    ... okay on input line 11.
LaTeX Font Info:    Checking defaults for OMX/cmex/m/n on input line 11.
LaTeX Font Info:    ... okay on input line 11.
LaTeX Font Info:    Checking defaults for U/cmr/m/n on input line 11.
LaTeX Font Info:    ... okay on input line 11.
 (/usr/share/texlive/texmf-dist/tex/context/base/mkii/supp-pdf.mkii
[Loading MPS to PDF converter (version 2006.09.02).]
\scratchcounter=\count182
\scratchdimen=\dimen146
\scratchbox=\box46
\nofMPsegments=\count183
\nofMParguments=\count184
\everyMPshowfont=\toks15
\MPscratchCnt=\count185
\MPscratchDim=\dimen147
\MPnumerator=\count186
\makeMPintoPDFobject=\count187
\everyMPtoPDFconversion=\toks16
) (/usr/share/texlive/texmf-dist/tex/latex/epstopdf-pkg/epstopdf-base.sty
Package: epstopdf-base 2020-01-24 v2.11 Base part for package epstopdf
Package epstopdf-base Info: Redefining graphics rule for `.eps' on input line 4
85.

(/usr/share/texlive/texmf-dist/tex/latex/latexconfig/epstopdf-sys.cfg
File: epstopdf-sys.cfg 2010/07/13 v1.3 Configuration of (r)epstopdf for TeX Liv
e
))
Package caption Info: Begin \AtBeginDocument code.
Package caption Info: subfigure package is loaded.
Package caption Info: End \AtBeginDocument code.
LaTeX Font Info:    External font `cmex10' loaded for size
(Font)              <14.4> on input line 13.
LaTeX Font Info:    External font `cmex10' loaded for size
(Font)              <7> on input line 13.


LaTeX Warning: No \author given.

[1

{/var/lib/texmf/fonts/map/pdftex/updmap/pdftex.map}]
<../plots/accident_clusters.png, id=9, 578.16pt x 578.16pt>
File: ../plots/accident_clusters.png Graphic file (type png)
<use ../plots/accident_clusters.png>
Package pdftex.def Info: ../plots/accident_clusters.png  used on input line 38.

(pdftex.def)             Requested size: 312.00119pt x 311.99884pt.
 [2 <../plots/accident_clusters.png>]
<../plots/time_of_day.png, id=15, 399.4925pt x 265.99374pt>
File: ../plots/time_of_day.png Graphic file (type png)
<use ../plots/time_of_day.png>
Package pdftex.def Info: ../plots/time_of_day.png  used on input line 50.
(pdftex.def)             Requested size: 175.49881pt x 116.85089pt.
<../plots/day_of_week.png, id=16, 409.53pt x 301.125pt>
File: ../plots/day_of_week.png Graphic file (type png)
<use ../plots/day_of_week.png>
Package pdftex.def Info: ../plots/day_of_week.png  used on input line 51.
(pdftex.def)             Requested size: 175.49881pt x 129.04471pt.
<../plots/vehicle_day_plot.png, id=17, 632.3625pt x 301.125pt>
File: ../plots/vehicle_day_plot.png Graphic file (type png)
<use ../plots/vehicle_day_plot.png>
Package pdftex.def Info: ../plots/vehicle_day_plot.png  used on input line 69.
(pdftex.def)             Requested size: 312.00119pt x 148.57257pt.
<../plots/vehicle_hour_plot.png, id=18, 632.3625pt x 262.9825pt>
File: ../plots/vehicle_hour_plot.png Graphic file (type png)
<use ../plots/vehicle_hour_plot.png>
Package pdftex.def Info: ../plots/vehicle_hour_plot.png  used on input line 70.

(pdftex.def)             Requested size: 312.00119pt x 129.75337pt.
 [3 <../plots/time_of_day.png> <../plots/day_of_week.png>] [4 <../plots/vehicle
_day_plot.png> <../plots/vehicle_hour_plot.png>]
<../plots/rural_accidents.png, id=31, 578.16pt x 578.16pt>
File: ../plots/rural_accidents.png Graphic file (type png)
<use ../plots/rural_accidents.png>
Package pdftex.def Info: ../plots/rural_accidents.png  used on input line 92.
(pdftex.def)             Requested size: 312.00119pt x 311.99884pt.
 [5 <../plots/rural_accidents.png>]
<../plots/casualty_rural.png, id=36, 722.7pt x 939.51pt>
File: ../plots/casualty_rural.png Graphic file (type png)
<use ../plots/casualty_rural.png>
Package pdftex.def Info: ../plots/casualty_rural.png  used on input line 100.
(pdftex.def)             Requested size: 368.58073pt x 479.1581pt.


LaTeX Warning: `h' float specifier changed to `ht'.

[6]
<../plots/sunrise_with_lines.png, id=40, 290.08376pt x 278.03876pt>
File: ../plots/sunrise_with_lines.png Graphic file (type png)
<use ../plots/sunrise_with_lines.png>
Package pdftex.def Info: ../plots/sunrise_with_lines.png  used on input line 11
0.
(pdftex.def)             Requested size: 175.49881pt x 168.21184pt.
<../plots/sunset_with_lines.png, id=41, 291.0875pt x 278.03876pt>
File: ../plots/sunset_with_lines.png Graphic file (type png)
<use ../plots/sunset_with_lines.png>
Package pdftex.def Info: ../plots/sunset_with_lines.png  used on input line 111
.
(pdftex.def)             Requested size: 175.49881pt x 167.63486pt.


LaTeX Warning: `h' float specifier changed to `ht'.

<../plots/stadiums.png, id=42, 578.16pt x 578.16pt>
File: ../plots/stadiums.png Graphic file (type png)
<use ../plots/stadiums.png>
Package pdftex.def Info: ../plots/stadiums.png  used on input line 138.
(pdftex.def)             Requested size: 312.00119pt x 311.99884pt.
[7]

LaTeX Warning: `h' float specifier changed to `ht'.

LaTeX Font Info:    External font `cmex10' loaded for size
(Font)              <12> on input line 149.
LaTeX Font Info:    External font `cmex10' loaded for size
(Font)              <8> on input line 149.
LaTeX Font Info:    External font `cmex10' loaded for size
(Font)              <6> on input line 149.
<../plots/model_plot.png, id=47, 445.665pt x 262.9825pt>
File: ../plots/model_plot.png Graphic file (type png)
<use ../plots/model_plot.png>
Package pdftex.def Info: ../plots/model_plot.png  used on input line 205.
(pdftex.def)             Requested size: 312.00119pt x 184.11055pt.
[8]

LaTeX Warning: `h' float specifier changed to `ht'.

[9] [10 <../plots/casualty_rural.png>] [11 <../plots/sunrise_with_lines.png> <.
./plots/sunset_with_lines.png>] [12 <../plots/stadiums.png>] [13 <../plots/mode
l_plot.png>] (./traffic_report.aux)

LaTeX Warning: There were multiply-defined labels.

 ) 
Here is how much of TeX's memory you used:
 2508 strings out of 481239
 41379 string characters out of 5920377
 278725 words of memory out of 5000000
 17799 multiletter control sequences out of 15000+600000
 537843 words of font info for 42 fonts, out of 8000000 for 9000
 1141 hyphenation exceptions out of 8191
 41i,7n,42p,565b,297s stack positions out of 5000i,500n,10000p,200000b,80000s
{/usr/share/texmf/fonts/enc/dvips/cm-super/cm-super-ts1.enc}</usr/share/texli
ve/texmf-dist/fonts/type1/public/amsfonts/cm/cmbx12.pfb></usr/share/texlive/tex
mf-dist/fonts/type1/public/amsfonts/cm/cmr10.pfb></usr/share/texlive/texmf-dist
/fonts/type1/public/amsfonts/cm/cmr12.pfb></usr/share/texlive/texmf-dist/fonts/
type1/public/amsfonts/cm/cmr17.pfb></usr/share/texmf/fonts/type1/public/cm-supe
r/sfrm1200.pfb>
Output written on traffic_report.pdf (13 pages, 376228 bytes).
PDF statistics:
 91 PDF objects out of 1000 (max. 8388607)
 48 compressed objects within 1 object stream
 0 named destinations out of 1000 (max. 500000)
 56 words of extra memory for PDF output out of 10000 (max. 10000000)

